17:58:46 **** Build of project oled_sdk_bsp ****
make -k all 
libgen -hw ../hw_platform_0/system.xml\
	       \
	       -pe ps7_cortexa9_0 \
	       -log libgen.log \
	       system.mss
libgen
Xilinx EDK 2013.2 Build EDK_P.68d
Copyright (c) 1995-2012 Xilinx, Inc.  All rights reserved.

Command Line: libgen -hw ../hw_platform_0/system.xml -pe ps7_cortexa9_0 -log
libgen.log system.mss 


Staging source files.
Running DRCs.
Runnning DRC for lwIP library... 



ERROR:EDK - issued from TCL procedure "::sw_lwip140_v1_05_a::lwip_drc" line 12
   lwip140 () - No Ethernet MAC cores are addressable from processor
   ps7_cortexa9_0.  lwIP requires atleast one EMAC (xps_ethernetlite |
   xps_ll_temac | axi_ethernet | axi_ethernet_buffer | axi_ethernetlite |
   ps7_ethernet) core  with its interrupt pin connected to the interrupt
   controller.

ERROR:EDK - issued from TCL procedure "::sw_xilfatfs_v1_00_a::xilfatfs_drc" line
   15
   xilfatfs () - Sysace HW module not present or not accessible from this
   processor. FATfs cannot be used without this module

ERROR:EDK - Error(s) while running DRCs.
make: *** [ps7_cortexa9_0/lib/libxil.a] Error 2
make: Target `all' not remade because of errors.

17:58:52 Build Finished (took 5s.853ms)

