14:17:46.559 INFO  - Processing command line option -hwspec C:/vivado/oled_project/oled_project.sdk/SDK/SDK_Export/hw/zynq_1.xml. 
20:04:38.978 INFO  - Project hw_platform_0's source hardware specification located at C:/vivado/oled_project/oled_project.sdk/SDK/SDK_Export/hw/zynq_1.xml is now different from the local copy.
		 The local copy will be replaced with the source specification and your workspace will be updated. 
20:04:44.535 INFO  - Copied contents of C:/vivado/oled_project/oled_project.sdk/SDK/SDK_Export/hw/zynq_1.xml into \hw_platform_0\system.xml. 
20:04:44.555 INFO  - Copied contents of C:\vivado\oled_project\oled_project.sdk\SDK\SDK_Export\hw\ps7_init.c into \hw_platform_0\ps7_init.c. 
20:04:44.565 INFO  - Copied contents of C:\vivado\oled_project\oled_project.sdk\SDK\SDK_Export\hw\ps7_init.h into \hw_platform_0\ps7_init.h. 
20:04:44.565 INFO  - Copied contents of C:\vivado\oled_project\oled_project.sdk\SDK\SDK_Export\hw\ps7_init.html into \hw_platform_0\ps7_init.html. 
20:04:44.575 INFO  - Copied contents of C:\vivado\oled_project\oled_project.sdk\SDK\SDK_Export\hw\ps7_init.tcl into \hw_platform_0\ps7_init.tcl. 
20:04:44.655 INFO  - Synchronizing projects in the workspace with the hardware platform specification changes. 
20:04:46.515 INFO  - Updating MSS for Board Support Package Project: oled_sdk_bsp.
		 The following driver assignments were removed:
			Peripheral Instance: axi_gpio_1, driver: gpio_v3_01_a.
		 The following new driver assignments were made:
			Peripheral Instance: axi_gpio_0, driver: gpio_v3_01_a.
			Peripheral Instance: ps7_coresight_comp_0, driver: generic_v1_00_a.
			Peripheral Instance: ps7_globaltimer_0, driver: generic_v1_00_a.
			Peripheral Instance: ps7_gpv_0, driver: generic_v1_00_a.
			Peripheral Instance: ps7_intc_dist_0, driver: generic_v1_00_a.
			Peripheral Instance: ps7_l2cachec_0, driver: generic_v1_00_a.
			Peripheral Instance: ps7_ocmc_0, driver: generic_v1_00_a.
			Peripheral Instance: ps7_scuc_0, driver: generic_v1_00_a.
			Peripheral Instance: ps7_xadc_0, driver: generic_v1_00_a.
 
20:05:04.081 INFO  - Updating hardware inferred compiler options for oled_sdk. 
20:05:04.091 INFO  - Clearing existing target manager status. 
20:13:28.115 INFO  - Processor reset is completed for ps7_cortexa9_0 
20:13:28.115 INFO  - PS initialization will be done as it is not done before. 
20:13:28.115 INFO  - Running PS initialization.... 
20:13:28.240 INFO  - ps7_init is completed. 
20:13:28.349 INFO  - ps7_post_config is completed. 
20:13:28.459 INFO  - PS Initialization is complete. 
20:14:06.009 INFO  - ps7_cortexa9_0 Processor is in use. Please stop existing Run or Debug sessions before launching. 
20:14:09.333 INFO  - Processor reset is completed for ps7_cortexa9_0 
20:15:38.004 INFO  - ps7_cortexa9_0 Processor is in use. Please stop existing Run or Debug sessions before launching. 
20:15:39.425 INFO  - Processor reset is completed for ps7_cortexa9_0 
20:15:50.002 INFO  - ps7_cortexa9_0 Processor is in use. Please stop existing Run or Debug sessions before launching. 
20:15:53.388 INFO  - Processor reset is completed for ps7_cortexa9_0 
20:16:32.005 INFO  - ps7_cortexa9_0 Processor is in use. Please stop existing Run or Debug sessions before launching. 
20:16:35.313 INFO  - Processor reset is completed for ps7_cortexa9_0 
20:16:56.014 INFO  - ps7_cortexa9_0 Processor is in use. Please stop existing Run or Debug sessions before launching. 
20:16:59.213 INFO  - Processor reset is completed for ps7_cortexa9_0 
20:17:22.005 INFO  - ps7_cortexa9_0 Processor is in use. Please stop existing Run or Debug sessions before launching. 
20:17:25.313 INFO  - Processor reset is completed for ps7_cortexa9_0 
20:17:38.012 INFO  - ps7_cortexa9_0 Processor is in use. Please stop existing Run or Debug sessions before launching. 
20:17:41.133 INFO  - Processor reset is completed for ps7_cortexa9_0 
20:48:50.018 INFO  - FPGA Cable Disconnected. All active launches will be terminated. 
20:51:09.014 ERROR - Unexpected error while parsing XMD response ?: com.google.gson.JsonSyntaxException: com.google.gson.stream.MalformedJsonException: invalid number or unquoted string near  
11:09:22.657 INFO  - Processor reset is completed for ps7_cortexa9_0 
11:09:22.766 INFO  - PS initialization will be done as it is not done before. 
11:09:22.766 INFO  - Running PS initialization.... 
11:09:22.891 INFO  - ps7_init is completed. 
11:09:23.000 INFO  - ps7_post_config is completed. 
11:09:23.109 INFO  - PS Initialization is complete. 
11:10:22.561 INFO  - Time out for XMD transaction is 60000
If you want to increase the timeout value, goto Windows-> Preferences -> Xilinx SDK -> XMD Startup 
11:10:22.561 ERROR - Timeout occured while waiting to get reply for command "xreset 64 0x80" 
11:10:22.561 ERROR - Unexpected error while launching program. java.lang.RuntimeException: 
	at com.xilinx.sdk.targetmanager.internal.TM.doProcessorReset(Unknown Source)
	at com.xilinx.sdk.debug.core.internal.AppRunner.run(Unknown Source)

11:20:31.976 INFO  - ps7_cortexa9_0 Processor is in use. Please stop existing Run or Debug sessions before launching. 
11:20:33.614 ERROR - Unexpected error while launching program. java.lang.RuntimeException: No Active System

	at com.xilinx.sdk.targetmanager.internal.TM.stop(Unknown Source)
	at com.xilinx.sdk.targetmanager.internal.CPURunSession.terminate(Unknown Source)

11:20:42.787 INFO  - ps7_cortexa9_0 Processor is in use. Please stop existing Run or Debug sessions before launching. 
11:20:44.534 ERROR - Unexpected error while launching program. java.lang.RuntimeException: No Active System

	at com.xilinx.sdk.targetmanager.internal.TM.stop(Unknown Source)
	at com.xilinx.sdk.targetmanager.internal.CPURunSession.terminate(Unknown Source)

11:21:42.137 INFO  - ps7_cortexa9_0 Processor is in use. Please stop existing Run or Debug sessions before launching. 
11:21:44.087 ERROR - Unexpected error while launching program. java.lang.RuntimeException: No Active System

	at com.xilinx.sdk.targetmanager.internal.TM.stop(Unknown Source)
	at com.xilinx.sdk.targetmanager.internal.CPURunSession.terminate(Unknown Source)

11:22:28.286 INFO  - ps7_cortexa9_0 Processor is in use. Please stop existing Run or Debug sessions before launching. 
11:22:29.706 ERROR - Unexpected error while launching program. java.lang.RuntimeException: No Active System

	at com.xilinx.sdk.targetmanager.internal.TM.stop(Unknown Source)
	at com.xilinx.sdk.targetmanager.internal.CPURunSession.terminate(Unknown Source)

11:22:34.308 ERROR - Unexpected error while parsing XMD response ?: com.google.gson.JsonSyntaxException: com.google.gson.stream.MalformedJsonException: invalid number or unquoted string near  
11:22:47.867 INFO  - Processor reset is completed for ps7_cortexa9_0 
11:22:48.975 INFO  - Processor reset is completed for ps7_cortexa9_0 
11:22:49.303 ERROR - Unexpected error while launching program. java.lang.RuntimeException: Debug Operation Not Supported on the Target

	at com.xilinx.sdk.targetmanager.internal.TM.downloadELF(Unknown Source)
	at com.xilinx.sdk.debug.core.internal.AppRunner.run(Unknown Source)

11:23:07.648 INFO  - ps7_cortexa9_0 Processor is in use. Please stop existing Run or Debug sessions before launching. 
11:23:08.958 ERROR - Unexpected error while launching program. java.lang.RuntimeException: No Active System

	at com.xilinx.sdk.targetmanager.internal.TM.stop(Unknown Source)
	at com.xilinx.sdk.targetmanager.internal.CPURunSession.terminate(Unknown Source)

11:24:10.436 INFO  - ps7_cortexa9_0 Processor is in use. Please stop existing Run or Debug sessions before launching. 
11:24:11.637 ERROR - Unexpected error while launching program. java.lang.RuntimeException: No Active System

	at com.xilinx.sdk.targetmanager.internal.TM.stop(Unknown Source)
	at com.xilinx.sdk.targetmanager.internal.CPURunSession.terminate(Unknown Source)

11:27:27.317 INFO  - ps7_cortexa9_0 Processor is in use. Please stop existing Run or Debug sessions before launching. 
11:27:30.702 ERROR - Unexpected error while launching program. java.lang.RuntimeException: No Active System

	at com.xilinx.sdk.targetmanager.internal.TM.stop(Unknown Source)
	at com.xilinx.sdk.targetmanager.internal.CPURunSession.terminate(Unknown Source)

11:29:04.285 INFO  - ps7_cortexa9_0 Processor is in use. Please stop existing Run or Debug sessions before launching. 
11:29:05.596 ERROR - Unexpected error while launching program. java.lang.RuntimeException: No Active System

	at com.xilinx.sdk.targetmanager.internal.TM.stop(Unknown Source)
	at com.xilinx.sdk.targetmanager.internal.CPURunSession.terminate(Unknown Source)

11:29:19.277 INFO  - ps7_cortexa9_0 Processor is in use. Please stop existing Run or Debug sessions before launching. 
11:29:21.118 ERROR - Unexpected error while launching program. java.lang.RuntimeException: No Active System

	at com.xilinx.sdk.targetmanager.internal.TM.stop(Unknown Source)
	at com.xilinx.sdk.targetmanager.internal.CPURunSession.terminate(Unknown Source)

11:29:50.055 INFO  - ps7_cortexa9_0 Processor is in use. Please stop existing Run or Debug sessions before launching. 
11:30:58.991 ERROR - Unexpected error while launching program. java.lang.RuntimeException: No Active System

	at com.xilinx.sdk.targetmanager.internal.TM.stop(Unknown Source)
	at com.xilinx.sdk.targetmanager.internal.CPURunSession.terminate(Unknown Source)

11:34:38.852 INFO  - ps7_cortexa9_0 Processor is in use. Please stop existing Run or Debug sessions before launching. 
11:34:43.220 ERROR - Unexpected error while launching program. java.lang.RuntimeException: No Active System

	at com.xilinx.sdk.targetmanager.internal.TM.stop(Unknown Source)
	at com.xilinx.sdk.targetmanager.internal.CPURunSession.terminate(Unknown Source)

11:36:56.392 INFO  - ps7_cortexa9_0 Processor is in use. Please stop existing Run or Debug sessions before launching. 
11:36:56.501 INFO  - ps7_cortexa9_0 Processor is in use. Please stop existing Run or Debug sessions before launching. 
11:36:59.855 ERROR - Unexpected error while launching program. java.lang.RuntimeException: No Active System

	at com.xilinx.sdk.targetmanager.internal.TM.stop(Unknown Source)
	at com.xilinx.sdk.targetmanager.internal.CPURunSession.terminate(Unknown Source)

11:37:04.223 ERROR - Unexpected error while launching program. java.lang.RuntimeException: No Active System

	at com.xilinx.sdk.targetmanager.internal.TM.stop(Unknown Source)
	at com.xilinx.sdk.targetmanager.internal.CPURunSession.terminate(Unknown Source)

11:38:54.483 INFO  - ps7_cortexa9_0 Processor is in use. Please stop existing Run or Debug sessions before launching. 
11:39:19.365 ERROR - Unexpected error while launching program. java.lang.RuntimeException: No Active System

	at com.xilinx.sdk.targetmanager.internal.TM.stop(Unknown Source)
	at com.xilinx.sdk.targetmanager.internal.CPURunSession.terminate(Unknown Source)

11:40:28.101 INFO  - ps7_cortexa9_0 Processor is in use. Please stop existing Run or Debug sessions before launching. 
11:40:29.615 ERROR - Unexpected error while launching program. java.lang.RuntimeException: No Active System

	at com.xilinx.sdk.targetmanager.internal.TM.stop(Unknown Source)
	at com.xilinx.sdk.targetmanager.internal.CPURunSession.terminate(Unknown Source)

11:40:42.110 INFO  - ps7_cortexa9_0 Processor is in use. Please stop existing Run or Debug sessions before launching. 
11:41:10.689 ERROR - Unexpected error while launching program. java.lang.RuntimeException: No Active System

	at com.xilinx.sdk.targetmanager.internal.TM.stop(Unknown Source)
	at com.xilinx.sdk.targetmanager.internal.CPURunSession.terminate(Unknown Source)

11:44:33.982 INFO  - ps7_cortexa9_0 Processor is in use. Please stop existing Run or Debug sessions before launching. 
11:44:35.511 ERROR - Unexpected error while launching program. java.lang.RuntimeException: No Active System

	at com.xilinx.sdk.targetmanager.internal.TM.stop(Unknown Source)
	at com.xilinx.sdk.targetmanager.internal.CPURunSession.terminate(Unknown Source)

11:44:40.160 ERROR - Unexpected error while parsing XMD response ?: com.google.gson.JsonSyntaxException: com.google.gson.stream.MalformedJsonException: invalid number or unquoted string near  
11:45:37.959 INFO  - Processor reset is completed for ps7_cortexa9_0 
11:45:38.068 INFO  - PS initialization will be done as it is not done before. 
11:45:38.068 INFO  - Running PS initialization.... 
11:45:38.193 INFO  - ps7_init is completed. 
11:45:38.302 INFO  - ps7_post_config is completed. 
11:45:38.411 INFO  - PS Initialization is complete. 
11:46:36.007 INFO  - ps7_cortexa9_0 Processor is in use. Please stop existing Run or Debug sessions before launching. 
11:46:39.425 INFO  - Processor reset is completed for ps7_cortexa9_0 
11:47:45.008 INFO  - ps7_cortexa9_0 Processor is in use. Please stop existing Run or Debug sessions before launching. 
11:47:48.425 INFO  - Processor reset is completed for ps7_cortexa9_0 
11:48:14.213 INFO  - ps7_cortexa9_0 Processor is in use. Please stop existing Run or Debug sessions before launching. 
11:48:17.427 INFO  - Processor reset is completed for ps7_cortexa9_0 
11:56:12.361 INFO  - ps7_cortexa9_0 Processor is in use. Please stop existing Run or Debug sessions before launching. 
11:56:14.333 INFO  - Processor reset is completed for ps7_cortexa9_0 
11:56:32.803 INFO  - ps7_cortexa9_0 Processor is in use. Please stop existing Run or Debug sessions before launching. 
11:56:35.535 INFO  - Processor reset is completed for ps7_cortexa9_0 
11:58:20.007 INFO  - ps7_cortexa9_0 Processor is in use. Please stop existing Run or Debug sessions before launching. 
11:58:23.426 INFO  - Processor reset is completed for ps7_cortexa9_0 
11:58:37.638 INFO  - ps7_cortexa9_0 Processor is in use. Please stop existing Run or Debug sessions before launching. 
11:58:40.464 INFO  - Processor reset is completed for ps7_cortexa9_0 
12:00:18.395 INFO  - ps7_cortexa9_0 Processor is in use. Please stop existing Run or Debug sessions before launching. 
12:00:21.209 INFO  - Processor reset is completed for ps7_cortexa9_0 
12:01:07.238 INFO  - ps7_cortexa9_0 Processor is in use. Please stop existing Run or Debug sessions before launching. 
12:01:10.203 INFO  - Processor reset is completed for ps7_cortexa9_0 
12:12:39.773 INFO  - ps7_cortexa9_0 Processor is in use. Please stop existing Run or Debug sessions before launching. 
12:12:42.427 INFO  - Processor reset is completed for ps7_cortexa9_0 
12:13:18.012 INFO  - ps7_cortexa9_0 Processor is in use. Please stop existing Run or Debug sessions before launching. 
12:13:21.539 INFO  - Processor reset is completed for ps7_cortexa9_0 
12:14:17.007 INFO  - ps7_cortexa9_0 Processor is in use. Please stop existing Run or Debug sessions before launching. 
12:14:20.426 INFO  - Processor reset is completed for ps7_cortexa9_0 
12:15:23.925 INFO  - ps7_cortexa9_0 Processor is in use. Please stop existing Run or Debug sessions before launching. 
12:15:26.352 INFO  - Processor reset is completed for ps7_cortexa9_0 
12:15:58.002 INFO  - ps7_cortexa9_0 Processor is in use. Please stop existing Run or Debug sessions before launching. 
12:16:01.423 INFO  - Processor reset is completed for ps7_cortexa9_0 
12:16:24.003 INFO  - ps7_cortexa9_0 Processor is in use. Please stop existing Run or Debug sessions before launching. 
12:16:31.339 INFO  - Processor reset is completed for ps7_cortexa9_0 
12:16:55.010 INFO  - ps7_cortexa9_0 Processor is in use. Please stop existing Run or Debug sessions before launching. 
12:16:58.508 INFO  - Processor reset is completed for ps7_cortexa9_0 
12:17:04.314 INFO  - ps7_cortexa9_0 Processor is in use. Please stop existing Run or Debug sessions before launching. 
12:17:07.422 INFO  - Processor reset is completed for ps7_cortexa9_0 
12:17:15.849 INFO  - ps7_cortexa9_0 Processor is in use. Please stop existing Run or Debug sessions before launching. 
12:17:18.254 INFO  - Processor reset is completed for ps7_cortexa9_0 
12:19:17.106 INFO  - ps7_cortexa9_0 Processor is in use. Please stop existing Run or Debug sessions before launching. 
12:19:20.400 INFO  - Processor reset is completed for ps7_cortexa9_0 
12:19:38.000 INFO  - ps7_cortexa9_0 Processor is in use. Please stop existing Run or Debug sessions before launching. 
12:19:41.434 INFO  - Processor reset is completed for ps7_cortexa9_0 
12:23:55.256 INFO  - ps7_cortexa9_0 Processor is in use. Please stop existing Run or Debug sessions before launching. 
12:23:58.534 INFO  - Processor reset is completed for ps7_cortexa9_0 
12:25:20.344 INFO  - ps7_cortexa9_0 Processor is in use. Please stop existing Run or Debug sessions before launching. 
12:25:23.544 INFO  - Processor reset is completed for ps7_cortexa9_0 
12:25:35.791 INFO  - ps7_cortexa9_0 Processor is in use. Please stop existing Run or Debug sessions before launching. 
12:25:38.414 INFO  - Processor reset is completed for ps7_cortexa9_0 
12:29:47.631 INFO  - ps7_cortexa9_0 Processor is in use. Please stop existing Run or Debug sessions before launching. 
12:29:52.422 INFO  - Processor reset is completed for ps7_cortexa9_0 
12:30:28.007 INFO  - ps7_cortexa9_0 Processor is in use. Please stop existing Run or Debug sessions before launching. 
12:30:31.535 INFO  - Processor reset is completed for ps7_cortexa9_0 
12:30:51.753 INFO  - ps7_cortexa9_0 Processor is in use. Please stop existing Run or Debug sessions before launching. 
12:30:54.423 INFO  - Processor reset is completed for ps7_cortexa9_0 
12:35:20.002 INFO  - ps7_cortexa9_0 Processor is in use. Please stop existing Run or Debug sessions before launching. 
12:35:23.545 INFO  - Processor reset is completed for ps7_cortexa9_0 
12:35:55.010 INFO  - ps7_cortexa9_0 Processor is in use. Please stop existing Run or Debug sessions before launching. 
12:35:58.506 INFO  - Processor reset is completed for ps7_cortexa9_0 
12:37:40.014 INFO  - ps7_cortexa9_0 Processor is in use. Please stop existing Run or Debug sessions before launching. 
12:37:43.432 INFO  - Processor reset is completed for ps7_cortexa9_0 
12:39:29.588 INFO  - ps7_cortexa9_0 Processor is in use. Please stop existing Run or Debug sessions before launching. 
12:39:32.429 INFO  - Processor reset is completed for ps7_cortexa9_0 
12:39:46.205 INFO  - ps7_cortexa9_0 Processor is in use. Please stop existing Run or Debug sessions before launching. 
12:39:49.545 INFO  - Processor reset is completed for ps7_cortexa9_0 
12:39:59.015 INFO  - ps7_cortexa9_0 Processor is in use. Please stop existing Run or Debug sessions before launching. 
12:40:02.433 INFO  - Processor reset is completed for ps7_cortexa9_0 
12:40:26.364 INFO  - ps7_cortexa9_0 Processor is in use. Please stop existing Run or Debug sessions before launching. 
12:40:29.533 INFO  - Processor reset is completed for ps7_cortexa9_0 
12:43:27.012 INFO  - ps7_cortexa9_0 Processor is in use. Please stop existing Run or Debug sessions before launching. 
12:43:30.540 INFO  - Processor reset is completed for ps7_cortexa9_0 
12:44:04.003 INFO  - ps7_cortexa9_0 Processor is in use. Please stop existing Run or Debug sessions before launching. 
12:44:05.533 INFO  - Processor reset is completed for ps7_cortexa9_0 
12:45:01.007 INFO  - ps7_cortexa9_0 Processor is in use. Please stop existing Run or Debug sessions before launching. 
12:45:04.535 INFO  - Processor reset is completed for ps7_cortexa9_0 
12:55:43.002 INFO  - ps7_cortexa9_0 Processor is in use. Please stop existing Run or Debug sessions before launching. 
12:55:46.436 INFO  - Processor reset is completed for ps7_cortexa9_0 
12:55:58.923 INFO  - ps7_cortexa9_0 Processor is in use. Please stop existing Run or Debug sessions before launching. 
12:56:01.546 INFO  - Processor reset is completed for ps7_cortexa9_0 
13:00:27.013 INFO  - ps7_cortexa9_0 Processor is in use. Please stop existing Run or Debug sessions before launching. 
13:00:30.509 INFO  - Processor reset is completed for ps7_cortexa9_0 
13:00:46.906 INFO  - ps7_cortexa9_0 Processor is in use. Please stop existing Run or Debug sessions before launching. 
13:00:49.420 INFO  - Processor reset is completed for ps7_cortexa9_0 
13:23:21.008 INFO  - ps7_cortexa9_0 Processor is in use. Please stop existing Run or Debug sessions before launching. 
13:23:24.426 INFO  - Processor reset is completed for ps7_cortexa9_0 
13:27:30.006 INFO  - ps7_cortexa9_0 Processor is in use. Please stop existing Run or Debug sessions before launching. 
13:27:33.533 INFO  - Processor reset is completed for ps7_cortexa9_0 
13:27:53.003 INFO  - ps7_cortexa9_0 Processor is in use. Please stop existing Run or Debug sessions before launching. 
13:27:56.421 INFO  - Processor reset is completed for ps7_cortexa9_0 
13:28:50.000 INFO  - ps7_cortexa9_0 Processor is in use. Please stop existing Run or Debug sessions before launching. 
13:28:53.434 INFO  - Processor reset is completed for ps7_cortexa9_0 
13:30:23.572 INFO  - ps7_cortexa9_0 Processor is in use. Please stop existing Run or Debug sessions before launching. 
13:30:26.523 INFO  - Processor reset is completed for ps7_cortexa9_0 
13:30:56.008 INFO  - ps7_cortexa9_0 Processor is in use. Please stop existing Run or Debug sessions before launching. 
13:30:59.426 INFO  - Processor reset is completed for ps7_cortexa9_0 
13:31:29.800 INFO  - ps7_cortexa9_0 Processor is in use. Please stop existing Run or Debug sessions before launching. 
13:31:32.423 INFO  - Processor reset is completed for ps7_cortexa9_0 
13:31:50.005 INFO  - ps7_cortexa9_0 Processor is in use. Please stop existing Run or Debug sessions before launching. 
13:31:53.532 INFO  - Processor reset is completed for ps7_cortexa9_0 
13:32:25.217 INFO  - ps7_cortexa9_0 Processor is in use. Please stop existing Run or Debug sessions before launching. 
13:32:28.495 INFO  - Processor reset is completed for ps7_cortexa9_0 
13:37:08.015 INFO  - ps7_cortexa9_0 Processor is in use. Please stop existing Run or Debug sessions before launching. 
13:37:11.433 INFO  - Processor reset is completed for ps7_cortexa9_0 
13:37:23.009 INFO  - ps7_cortexa9_0 Processor is in use. Please stop existing Run or Debug sessions before launching. 
13:37:26.537 INFO  - Processor reset is completed for ps7_cortexa9_0 
13:37:42.169 INFO  - ps7_cortexa9_0 Processor is in use. Please stop existing Run or Debug sessions before launching. 
13:37:45.431 INFO  - Processor reset is completed for ps7_cortexa9_0 
13:38:01.001 INFO  - ps7_cortexa9_0 Processor is in use. Please stop existing Run or Debug sessions before launching. 
13:38:04.497 INFO  - Processor reset is completed for ps7_cortexa9_0 
13:39:34.014 INFO  - ps7_cortexa9_0 Processor is in use. Please stop existing Run or Debug sessions before launching. 
13:39:37.573 INFO  - Processor reset is completed for ps7_cortexa9_0 
13:41:11.013 INFO  - ps7_cortexa9_0 Processor is in use. Please stop existing Run or Debug sessions before launching. 
13:41:14.432 INFO  - Processor reset is completed for ps7_cortexa9_0 
13:42:02.206 INFO  - ps7_cortexa9_0 Processor is in use. Please stop existing Run or Debug sessions before launching. 
13:42:05.422 INFO  - Processor reset is completed for ps7_cortexa9_0 
13:43:35.648 INFO  - ps7_cortexa9_0 Processor is in use. Please stop existing Run or Debug sessions before launching. 
13:43:38.489 INFO  - Processor reset is completed for ps7_cortexa9_0 
13:43:50.005 INFO  - ps7_cortexa9_0 Processor is in use. Please stop existing Run or Debug sessions before launching. 
13:43:53.502 INFO  - Processor reset is completed for ps7_cortexa9_0 
13:44:01.491 INFO  - ps7_cortexa9_0 Processor is in use. Please stop existing Run or Debug sessions before launching. 
13:44:04.535 INFO  - Processor reset is completed for ps7_cortexa9_0 
13:44:56.533 INFO  - ps7_cortexa9_0 Processor is in use. Please stop existing Run or Debug sessions before launching. 
13:45:00.683 INFO  - ps7_cortexa9_0 Processor is in use. Please stop existing Run or Debug sessions before launching. 
13:45:05.428 INFO  - Processor reset is completed for ps7_cortexa9_0 
14:08:57.014 INFO  - ps7_cortexa9_0 Processor is in use. Please stop existing Run or Debug sessions before launching. 
14:09:00.433 INFO  - Processor reset is completed for ps7_cortexa9_0 
14:09:24.224 INFO  - ps7_cortexa9_0 Processor is in use. Please stop existing Run or Debug sessions before launching. 
14:09:27.502 INFO  - Processor reset is completed for ps7_cortexa9_0 
14:16:51.006 INFO  - ps7_cortexa9_0 Processor is in use. Please stop existing Run or Debug sessions before launching. 
14:16:54.424 INFO  - Processor reset is completed for ps7_cortexa9_0 
14:17:32.006 INFO  - ps7_cortexa9_0 Processor is in use. Please stop existing Run or Debug sessions before launching. 
14:17:35.424 INFO  - Processor reset is completed for ps7_cortexa9_0 
14:17:55.643 INFO  - ps7_cortexa9_0 Processor is in use. Please stop existing Run or Debug sessions before launching. 
14:17:58.484 INFO  - Processor reset is completed for ps7_cortexa9_0 
14:27:40.163 INFO  - ps7_cortexa9_0 Processor is in use. Please stop existing Run or Debug sessions before launching. 
14:27:43.425 INFO  - Processor reset is completed for ps7_cortexa9_0 
14:28:13.066 INFO  - ps7_cortexa9_0 Processor is in use. Please stop existing Run or Debug sessions before launching. 
14:28:16.563 INFO  - Processor reset is completed for ps7_cortexa9_0 
14:28:34.005 INFO  - ps7_cortexa9_0 Processor is in use. Please stop existing Run or Debug sessions before launching. 
14:28:37.532 INFO  - Processor reset is completed for ps7_cortexa9_0 
14:29:45.003 INFO  - ps7_cortexa9_0 Processor is in use. Please stop existing Run or Debug sessions before launching. 
14:29:48.422 INFO  - Processor reset is completed for ps7_cortexa9_0 
14:30:12.353 INFO  - ps7_cortexa9_0 Processor is in use. Please stop existing Run or Debug sessions before launching. 
14:30:15.428 INFO  - Processor reset is completed for ps7_cortexa9_0 
14:30:55.006 INFO  - ps7_cortexa9_0 Processor is in use. Please stop existing Run or Debug sessions before launching. 
14:30:58.534 INFO  - Processor reset is completed for ps7_cortexa9_0 
14:31:14.930 INFO  - ps7_cortexa9_0 Processor is in use. Please stop existing Run or Debug sessions before launching. 
14:31:17.553 INFO  - Processor reset is completed for ps7_cortexa9_0 
14:45:39.294 ERROR - Unable to disconnect from existing targets java.lang.NullPointerException
	at com.xilinx.sdk.targetmanager.internal.json.XMDJSONProcess.issueCommand(Unknown Source)
	at com.xilinx.sdk.targetmanager.internal.TM.disconnectTarget(Unknown Source)

14:45:39.295 ERROR - Unexpected error while fetching XMD's response:  java.net.SocketException: Connection reset
	at java.net.SocketInputStream.read(Unknown Source)
	at sun.nio.cs.StreamDecoder.readBytes(Unknown Source)

14:45:39.295 ERROR - Zero sized response read from XMD. This indicates a communication error or a programming error. 
