############################################################
              Zynq Internal frequencies log
############################################################


PASSED 


Input Crystal Frequency:     33.333  MHz


PLL frequencies :

********************************************************************************
|                        |    ARM PLL     |   DDR_PLL     |   IO_PLL    |           
********************************************************************************
| Prog Multiplier        |            40            32            48    
| Frequency (MHz)        |      1333.333      1066.667      1600.000    
********************************************************************************



Zynq Peripherals Frequncies :
______________________________________________________________________________________________________________________________________________________

 |  Peripheral   |   Freq Requested (MHz)   |   Freq Achieved (MHz)   |   Clock source   |   Tolerance    |  Prog Divisor 1    |   Prog Divisor 2     
______________________________________________________________________________________________________________________________________________________
 | 
 |           cpu            666.667               666.667                 ARM_PLL             0.000(%)               2        
 | 
 |           ddr            533.333               533.333                 DDR_PLL             0.000(%)               2        
 | 
 |           dci             10.159                10.159                 DDR_PLL             0.003(%)              35               3        
 | 
 |          sdio            125.000               123.077                  IO_PLL             1.538(%)              13        
 | 
 |          uart             50.000                50.000                  IO_PLL             0.000(%)              32        
 | 
 |          pcap            200.000               200.000                  IO_PLL             0.000(%)               8        
 | 
 |         fpga0            100.000               100.000                  IO_PLL             0.000(%)              16               1        
 | 
 |         fpga1            150.000               145.455                  IO_PLL             3.030(%)              11               1        
 | 
 |         fpga2             50.000                50.000                  IO_PLL             0.000(%)              32               1        
 | 
 |         fpga3             50.000                50.000                  IO_PLL             0.000(%)              32               1        
 | 
 |          gem0            125.000               125.000                EXTERNAL
 | 
 |     ttc0_clk0            133.333               111.111                  CPU_1X
 | 
 |     ttc0_clk1            133.333               111.111                  CPU_1X
 | 
 |     ttc0_clk2            133.333               111.111                  CPU_1X
 | 
______________________________________________________________________________________________________________________________________________________
