Copyright 1986-1999, 2001-2013 Xilinx, Inc. All Rights Reserved.
-------------------------------------------------------------------------------------------------------
| Tool Version     : Vivado v.2013.4 (win64) Build 353583 Mon Dec  9 17:49:19 MST 2013
| Date             : Sun Jan 05 12:50:50 2014
| Host             : HighlandersPC running 64-bit Service Pack 1  (build 7601)
| Command          : report_power -file main_power_routed.rpt -pb main_power_summary_routed.pb
| Design           : main
| Device           : xc7z020clg484-1
| Design State     : Routed
| Grade            : commercial
| Process          : typical
| Characterization : Production
-------------------------------------------------------------------------------------------------------

Power Report

Table of Contents
-----------------
1. Summary
1.1 On-Chip Components
1.2 Power Supply Summary
1.3 Confidence Level
2. Settings
2.1 Environment
2.2 Clock Constraints
3. Detailed Reports
3.1 By Hierarchy

1. Summary
----------

+--------------------------+--------+
| Total On-Chip Power (W)  | 1.460  |
| Dynamic (W)              | 1.314  |
| Device Static (W)        | 0.146  |
| Total Off-Chip Power (W) | 0.121  |
| Effective TJA (C/W)      | 11.5   |
| Max Ambient (C)          | 68.2   |
| Junction Temperature (C) | 41.8   |
| Confidence Level         | Medium |
| Setting File             | ---    |
| Simulation Activity File | ---    |
| Design Nets Matched      | NA     |
+--------------------------+--------+


1.1 On-Chip Components
----------------------

+-------------------------+-----------+----------+-----------+-----------------+
| On-Chip                 | Power (W) | Used     | Available | Utilization (%) |
+-------------------------+-----------+----------+-----------+-----------------+
| Clocks                  |     0.007 |        3 |       --- |             --- |
| Slice Logic             |    <0.001 |     1513 |       --- |             --- |
|   LUT as Logic          |    <0.001 |      431 |     53200 |            0.81 |
|   Register              |    <0.001 |      732 |    106400 |            0.68 |
|   CARRY4                |    <0.001 |       18 |     13300 |            0.13 |
|   LUT as Shift Register |    <0.001 |       62 |     17400 |            0.35 |
|   Others                |     0.000 |      141 |       --- |             --- |
| Signals                 |    <0.001 |     1074 |       --- |             --- |
| I/O                     |     0.001 |        8 |       200 |            4.00 |
| PS7                     |     1.303 |        1 |       --- |             --- |
| Static Power            |     0.146 |          |           |                 |
| Total                   |     1.460 |          |           |                 |
+-------------------------+-----------+----------+-----------+-----------------+


1.2 Power Supply Summary
------------------------

+-----------+-------------+-----------+-------------+------------+
| Source    | Voltage (V) | Total (A) | Dynamic (A) | Static (A) |
+-----------+-------------+-----------+-------------+------------+
| Vccint    |       1.000 |     0.023 |       0.009 |      0.013 |
| Vccaux    |       1.800 |     0.020 |       0.000 |      0.020 |
| Vcco33    |       3.300 |     0.001 |       0.000 |      0.001 |
| Vcco25    |       2.500 |     0.000 |       0.000 |      0.000 |
| Vcco18    |       1.800 |     0.000 |       0.000 |      0.000 |
| Vcco15    |       1.500 |     0.000 |       0.000 |      0.000 |
| Vcco135   |       1.350 |     0.000 |       0.000 |      0.000 |
| Vcco12    |       1.200 |     0.000 |       0.000 |      0.000 |
| Vccaux_io |       1.800 |     0.000 |       0.000 |      0.000 |
| Vccbram   |       1.000 |     0.001 |       0.000 |      0.001 |
| MGTAVcc   |       1.000 |     0.000 |       0.000 |      0.000 |
| MGTAVtt   |       1.200 |     0.000 |       0.000 |      0.000 |
| MGTVccaux |       1.800 |     0.000 |       0.000 |      0.000 |
| Vccpint   |       1.000 |     0.418 |       0.390 |      0.028 |
| Vccpaux   |       1.800 |     0.044 |       0.033 |      0.010 |
| Vccpll    |       1.800 |     0.120 |       0.117 |      0.003 |
| Vcco_ddr  |       1.500 |     0.511 |       0.509 |      0.002 |
| Vcco_mio0 |       1.800 |     0.000 |       0.000 |      0.000 |
| Vcco_mio1 |       1.800 |     0.001 |       0.000 |      0.001 |
| Vccadc    |       1.800 |     0.020 |       0.000 |      0.020 |
+-----------+-------------+-----------+-------------+------------+


1.3 Confidence Level
--------------------

+-----------------------------+------------+------------------------------------------------+------------------------------------------------------------------------------------------------------------+
| User Input Data             | Confidence | Details                                        | Action                                                                                                     |
+-----------------------------+------------+------------------------------------------------+------------------------------------------------------------------------------------------------------------+
| Design implementation state | High       | Design is completely routed                    |                                                                                                            |
| Clock nodes activity        | High       | User specified more than 95% of clocks         |                                                                                                            |
| I/O nodes activity          | High       | User specified more than 95% of inputs         |                                                                                                            |
| Internal nodes activity     | Medium     | User specified less than 25% of internal nodes | Provide missing internal nodes activity with simulation results or by editing the "By Resource Type" views |
| Device models               | High       | Device models are Production                   |                                                                                                            |
|                             |            |                                                |                                                                                                            |
| Overall confidence level    | Medium     |                                                |                                                                                                            |
+-----------------------------+------------+------------------------------------------------+------------------------------------------------------------------------------------------------------------+


2. Settings
-----------

2.1 Environment
---------------

+-----------------------+------------------------+
| Ambient Temp (C)      | 25.0                   |
| ThetaJA (C/W)         | 11.5                   |
| Airflow (LFM)         | 250                    |
| Heat Sink             | none                   |
| ThetaSA (C/W)         | 0.0                    |
| Board Selection       | medium (10"x10")       |
| # of Board Layers     | 8to11 (8 to 11 Layers) |
| Board Temperature (C) | 25.0                   |
+-----------------------+------------------------+


2.2 Clock Constraints
---------------------

+---------------------------------------------------------------+---------------------------------------------------------------+-----------------+
| Clock                                                         | Domain                                                        | Constraint (ns) |
+---------------------------------------------------------------+---------------------------------------------------------------+-----------------+
| cpu/zynq_1_i/processing_system7_1/inst/FCLK_CLK0              | cpu/zynq_1_i/processing_system7_1/inst/FCLK_CLK0              |            10.0 |
| cpu/zynq_1_i/processing_system7_1/inst/FCLK_CLK_unbuffered[0] | cpu/zynq_1_i/processing_system7_1/inst/FCLK_CLK_unbuffered[0] |            10.0 |
| xlnx_opt_                                                     | xlnx_opt_                                                     |            10.0 |
+---------------------------------------------------------------+---------------------------------------------------------------+-----------------+


3. Detailed Reports
-------------------

3.1 By Hierarchy
----------------

+---------------------------------------+-----------+
| Name                                  | Power (W) |
+---------------------------------------+-----------+
| main                                  |     1.314 |
|   cpu                                 |     1.313 |
|     zynq_1_i                          |     1.313 |
|       axi_gpio_0                      |     0.002 |
|         U0                            |     0.002 |
|       proc_sys_reset_1                |    <0.001 |
|         U0                            |    <0.001 |
|       processing_system7_1            |     1.304 |
|         inst                          |     1.304 |
|       processing_system7_1_axi_periph |     0.007 |
|         s00_couplers/auto_pc          |     0.007 |
+---------------------------------------+-----------+


